2026-06-29 11:28:44,798 - INFO - Loading facilities from /Users/annayuen/Desktop/IECC/industrial_decarb/SEC_PPI_IHB_potential/heat_demand/facilities/facilities_2024_eu.csv
2026-06-29 11:28:44,826 - INFO - Sites to process: 86
2026-06-29 11:28:49,588 - INFO - [1/86] OK 44375328 (fetched)
2026-06-29 11:28:50,373 - INFO - [2/86] OK 44375327 (fetched)
2026-06-29 11:28:52,044 - INFO - [3/86] OK 44375330 (fetched)
2026-06-29 11:28:54,002 - INFO - [4/86] OK 44375335 (fetched)
2026-06-29 11:28:55,188 - INFO - [5/86] OK 44375331 (fetched)
2026-06-29 11:28:55,908 - INFO - [6/86] OK 44375329 (fetched)
2026-06-29 11:28:56,120 - INFO - [7/86] OK 44375332 (fetched)
2026-06-29 11:28:56,281 - INFO - [8/86] OK 44375334 (fetched)
2026-06-29 11:28:56,936 - INFO - [9/86] OK 44375503 (fetched)
2026-06-29 11:28:57,499 - INFO - [10/86] OK 44375511 (fetched)
2026-06-29 11:28:57,691 - INFO - [11/86] OK 44375502 (fetched)
2026-06-29 11:28:59,031 - INFO - [12/86] OK 44375507 (fetched)
2026-06-29 11:28:59,083 - INFO - [13/86] OK 44375508 (fetched)
2026-06-29 11:28:59,584 - INFO - [14/86] OK 44375510 (fetched)
2026-06-29 11:28:59,949 - INFO - [15/86] OK 44375333 (fetched)
2026-06-29 11:29:00,163 - INFO - [16/86] OK 44375512 (fetched)
2026-06-29 11:29:00,168 - INFO - [17/86] OK 44375504 (fetched)
2026-06-29 11:29:00,801 - INFO - [18/86] OK 44375506 (fetched)
2026-06-29 11:29:01,178 - INFO - [19/86] OK 44375514 (fetched)
2026-06-29 11:29:01,877 - INFO - [20/86] OK 44375513 (fetched)
2026-06-29 11:29:02,220 - INFO - [21/86] OK 44375505 (fetched)
2026-06-29 11:29:03,243 - INFO - [22/86] OK 44375509 (fetched)
2026-06-29 11:29:06,197 - INFO - [23/86] OK 44375535 (fetched)
2026-06-29 11:29:06,232 - INFO - [24/86] OK 44375517 (fetched)
2026-06-29 11:29:06,526 - INFO - [25/86] OK 44375520 (fetched)
2026-06-29 11:29:07,136 - INFO - [26/86] OK 44375536 (fetched)
2026-06-29 11:29:07,240 - INFO - [27/86] OK 44375534 (fetched)
2026-06-29 11:29:08,514 - INFO - [28/86] OK 44375525 (fetched)
2026-06-29 11:29:09,225 - INFO - [29/86] OK 44375529 (fetched)
2026-06-29 11:29:09,370 - INFO - [30/86] OK 44375515 (fetched)
2026-06-29 11:29:09,403 - INFO - [31/86] OK 44375518 (fetched)
2026-06-29 11:29:09,670 - INFO - [32/86] OK 44375519 (fetched)
2026-06-29 11:29:11,430 - INFO - [33/86] OK 44375524 (fetched)
2026-06-29 11:29:11,765 - INFO - [34/86] OK 44375538 (fetched)
2026-06-29 11:29:12,022 - INFO - [35/86] OK 44375531 (fetched)
2026-06-29 11:29:13,043 - INFO - [36/86] OK 44375539 (fetched)
2026-06-29 11:29:13,866 - INFO - [37/86] OK 44375522 (fetched)
2026-06-29 11:29:14,125 - INFO - [38/86] OK 44375532 (fetched)
2026-06-29 11:29:14,665 - INFO - [39/86] OK 44375530 (fetched)
2026-06-29 11:29:16,707 - INFO - [40/86] OK 44375521 (fetched)
2026-06-29 11:29:17,288 - INFO - [41/86] OK 44375540 (fetched)
2026-06-29 11:29:17,914 - INFO - [42/86] OK 44375528 (fetched)
2026-06-29 11:29:18,964 - INFO - [43/86] OK 44375526 (fetched)
2026-06-29 11:29:20,199 - INFO - [44/86] OK 44375543 (fetched)
2026-06-29 11:29:20,534 - INFO - [45/86] OK 44375537 (fetched)
2026-06-29 11:29:21,611 - INFO - [46/86] OK 44375545 (fetched)
2026-06-29 11:29:22,816 - INFO - [47/86] OK 44375547 (fetched)
2026-06-29 11:29:24,360 - INFO - [48/86] OK 44375533 (fetched)
2026-06-29 11:29:24,879 - INFO - [49/86] OK 44375527 (fetched)
2026-06-29 11:29:25,969 - INFO - [50/86] OK 44375523 (fetched)
2026-06-29 11:29:27,544 - INFO - [51/86] OK 44375542 (fetched)
2026-06-29 11:29:28,072 - INFO - [52/86] OK 44375546 (fetched)
2026-06-29 11:29:28,301 - INFO - [53/86] OK 44375548 (fetched)
2026-06-29 11:29:28,310 - INFO - [54/86] OK 44375550 (fetched)
2026-06-29 11:29:28,904 - INFO - [55/86] OK 44375549 (fetched)
2026-06-29 11:29:30,028 - INFO - [56/86] OK 44375578 (fetched)
2026-06-29 11:29:30,153 - INFO - [57/86] OK 44375544 (fetched)
2026-06-29 11:29:30,892 - INFO - [58/86] OK 44375541 (fetched)
2026-06-29 11:29:30,897 - INFO - [59/86] OK 44375551 (fetched)
2026-06-29 11:29:32,127 - INFO - [60/86] OK 44375635 (fetched)
2026-06-29 11:29:33,989 - INFO - [61/86] OK 44375580 (fetched)
2026-06-29 11:29:34,371 - INFO - [62/86] OK 44375639 (fetched)
2026-06-29 11:29:36,125 - INFO - [63/86] OK 44375636 (fetched)
2026-06-29 11:29:36,806 - INFO - [64/86] OK 44375634 (fetched)
2026-06-29 11:29:37,313 - INFO - [65/86] OK 44375579 (fetched)
2026-06-29 11:29:38,412 - INFO - [66/86] OK 44375581 (fetched)
2026-06-29 11:29:40,287 - INFO - [67/86] OK 44375638 (fetched)
2026-06-29 11:29:40,880 - INFO - [68/86] OK 44375649 (fetched)
2026-06-29 11:29:40,933 - INFO - [69/86] OK 44375648 (fetched)
2026-06-29 11:29:41,317 - INFO - [70/86] OK 44375640 (fetched)
2026-06-29 11:29:41,652 - INFO - [71/86] OK 44375637 (fetched)
2026-06-29 11:29:41,847 - INFO - [72/86] OK 44375650 (fetched)
2026-06-29 11:29:42,593 - INFO - [73/86] OK 44375633 (fetched)
2026-06-29 11:29:42,894 - INFO - [74/86] OK 44375641 (fetched)
2026-06-29 11:29:45,086 - INFO - [75/86] OK 44375659 (fetched)
2026-06-29 11:29:45,210 - INFO - [76/86] OK 44375654 (fetched)
2026-06-29 11:29:46,461 - INFO - [77/86] OK 44375652 (fetched)
2026-06-29 11:29:47,472 - INFO - [78/86] OK 44375661 (fetched)
2026-06-29 11:29:47,789 - INFO - [79/86] OK 44375653 (fetched)
2026-06-29 11:29:48,028 - INFO - [80/86] OK 44375657 (fetched)
2026-06-29 11:29:48,846 - INFO - [81/86] OK 44375655 (fetched)
2026-06-29 11:29:53,438 - INFO - [82/86] OK 44375658 (fetched)
2026-06-29 11:29:54,496 - INFO - [83/86] OK 44375663 (fetched)
2026-06-29 11:29:56,604 - INFO - [84/86] OK 44375662 (fetched)
2026-06-29 11:29:56,734 - INFO - [85/86] OK 44375660 (fetched)
2026-06-29 11:29:57,662 - INFO - [86/86] OK 44375651 (fetched)
2026-06-29 11:29:57,668 - INFO - Done in 0:01:11.093897. Summary rows: 86. Errors: 0
2026-06-29 11:29:57,668 - INFO - Hourly profiles: /Users/annayuen/Desktop/IECC/industrial_decarb/SEC_PPI_IHB_potential/solar_radiation/outputs/hourly_profiles
2026-06-29 11:29:57,668 - INFO - Summary CSV: /Users/annayuen/Desktop/IECC/industrial_decarb/SEC_PPI_IHB_potential/solar_radiation/outputs/solar_radiation_by_facility.csv
2026-06-29 11:29:57,668 - INFO - Log file: /Users/annayuen/Desktop/IECC/industrial_decarb/SEC_PPI_IHB_potential/solar_radiation/logs/pvgis_pull_20260629_112844.log
